<?xml version="1.0" encoding="UTF-8"?>
<!-- Generated by org.testng.reporters.JUnitReportReporter -->
<testsuite hostname="Srikanth" name="Academy.validateNavigationBar" tests="1" failures="0" timestamp="18 May 2019 21:48:36 GMT" time="0.342" errors="0">
  <testcase name="validateAppNavBar" time="0.342" classname="Academy.validateNavigationBar"/>
</testsuite> <!-- Academy.validateNavigationBar -->
